2019-10-02 00:44:06
程序启动
ContentRootPath:E:\yisha soft\YiShaAdmin\YiSha.Web\YiSha.Admin.Web
WebRootPath:E:\yisha soft\YiShaAdmin\YiSha.Web\YiSha.Admin.Web\wwwroot
IsDevelopment:True


2019-10-02 11:37:52
程序启动
ContentRootPath:E:\yisha soft\YiShaAdmin\YiSha.Web\YiSha.Admin.Web
WebRootPath:E:\yisha soft\YiShaAdmin\YiSha.Web\YiSha.Admin.Web\wwwroot
IsDevelopment:True


2019-10-02 11:45:07
程序启动
ContentRootPath:E:\yisha soft\YiShaAdmin\YiSha.Web\YiSha.Admin.Web
WebRootPath:E:\yisha soft\YiShaAdmin\YiSha.Web\YiSha.Admin.Web\wwwroot
IsDevelopment:True


2019-10-02 11:50:27
程序启动
ContentRootPath:E:\yisha soft\YiShaAdmin\YiSha.Web\YiSha.Admin.Web
WebRootPath:E:\yisha soft\YiShaAdmin\YiSha.Web\YiSha.Admin.Web\wwwroot
IsDevelopment:True


2019-10-02 11:53:18
程序启动
ContentRootPath:E:\yisha soft\YiShaAdmin\YiSha.Web\YiSha.Admin.Web
WebRootPath:E:\yisha soft\YiShaAdmin\YiSha.Web\YiSha.Admin.Web\wwwroot
IsDevelopment:True


2019-10-02 19:03:53
程序启动
ContentRootPath:E:\yisha soft\YiShaAdmin\YiSha.Web\YiSha.Admin.Web
WebRootPath:E:\yisha soft\YiShaAdmin\YiSha.Web\YiSha.Admin.Web\wwwroot
IsDevelopment:True


2019-10-02 19:06:26
程序启动
ContentRootPath:E:\yisha soft\YiShaAdmin\YiSha.Web\YiSha.Admin.Web
WebRootPath:E:\yisha soft\YiShaAdmin\YiSha.Web\YiSha.Admin.Web\wwwroot
IsDevelopment:True


2019-10-02 20:47:23
程序启动
ContentRootPath:E:\yisha soft\YiShaAdmin\YiSha.Web\YiSha.Admin.Web
WebRootPath:E:\yisha soft\YiShaAdmin\YiSha.Web\YiSha.Admin.Web\wwwroot
IsDevelopment:True


2019-10-02 21:25:33
程序启动
ContentRootPath:E:\yisha soft\YiShaAdmin\YiSha.Web\YiSha.Admin.Web
WebRootPath:E:\yisha soft\YiShaAdmin\YiSha.Web\YiSha.Admin.Web\wwwroot
IsDevelopment:True


2019-10-02 21:33:13
程序启动
ContentRootPath:E:\yisha soft\YiShaAdmin\YiSha.Web\YiSha.Admin.Web
WebRootPath:E:\yisha soft\YiShaAdmin\YiSha.Web\YiSha.Admin.Web\wwwroot
IsDevelopment:True


2019-10-02 23:15:21
程序启动
ContentRootPath:E:\yisha soft\YiShaAdmin\YiSha.Web\YiSha.Admin.Web
WebRootPath:E:\yisha soft\YiShaAdmin\YiSha.Web\YiSha.Admin.Web\wwwroot
IsDevelopment:True


2019-10-02 23:28:01
程序启动
ContentRootPath:E:\yisha soft\YiShaAdmin\YiSha.Web\YiSha.Admin.Web
WebRootPath:E:\yisha soft\YiShaAdmin\YiSha.Web\YiSha.Admin.Web\wwwroot
IsDevelopment:True


2019-10-02 23:36:53
程序启动
ContentRootPath:E:\yisha soft\YiShaAdmin\YiSha.Web\YiSha.Admin.Web
WebRootPath:E:\yisha soft\YiShaAdmin\YiSha.Web\YiSha.Admin.Web\wwwroot
IsDevelopment:True


