2019-11-04 10:09:55
程序启动
ContentRootPath:E:\YiSha\YiShaAdmin\YiSha.Web\YiSha.Admin.WebApi
WebRootPath:
IsDevelopment:True


2019-11-04 13:36:22
程序启动
ContentRootPath:E:\YiSha\YiShaAdmin\YiSha.Web\YiSha.Admin.WebApi
WebRootPath:
IsDevelopment:True


2019-11-04 17:13:09
程序启动
ContentRootPath:E:\YiSha\YiShaAdmin\YiSha.Web\YiSha.Admin.WebApi
WebRootPath:
IsDevelopment:True


2019-11-04 20:27:23
程序启动
ContentRootPath:E:\yisha soft\YiShaAdmin\YiSha.Web\YiSha.Admin.WebApi
WebRootPath:
IsDevelopment:True


2019-11-04 20:30:02
程序启动
ContentRootPath:E:\yisha soft\YiShaAdmin\YiSha.Web\YiSha.Admin.WebApi
WebRootPath:
IsDevelopment:True


2019-11-04 20:32:39
程序启动
ContentRootPath:E:\yisha soft\YiShaAdmin\YiSha.Web\YiSha.Admin.WebApi
WebRootPath:
IsDevelopment:True


2019-11-04 20:34:07
程序启动
ContentRootPath:E:\yisha soft\YiShaAdmin\YiSha.Web\YiSha.Admin.WebApi
WebRootPath:
IsDevelopment:True


2019-11-04 20:36:01
程序启动
ContentRootPath:E:\yisha soft\YiShaAdmin\YiSha.Web\YiSha.Admin.WebApi
WebRootPath:
IsDevelopment:True


2019-11-04 20:37:33
程序启动
ContentRootPath:E:\yisha soft\YiShaAdmin\YiSha.Web\YiSha.Admin.WebApi
WebRootPath:
IsDevelopment:True


2019-11-04 20:38:42
程序启动
ContentRootPath:E:\yisha soft\YiShaAdmin\YiSha.Web\YiSha.Admin.WebApi
WebRootPath:
IsDevelopment:True


2019-11-04 20:50:02
程序启动
ContentRootPath:E:\yisha soft\YiShaAdmin\YiSha.Web\YiSha.Admin.WebApi
WebRootPath:
IsDevelopment:True


2019-11-04 21:17:03
程序启动
ContentRootPath:E:\yisha soft\YiShaAdmin\YiSha.Web\YiSha.Admin.WebApi
WebRootPath:
IsDevelopment:True


2019-11-04 21:19:19
程序启动
ContentRootPath:E:\yisha soft\YiShaAdmin\YiSha.Web\YiSha.Admin.WebApi
WebRootPath:
IsDevelopment:True


2019-11-04 21:21:34
程序启动
ContentRootPath:E:\yisha soft\YiShaAdmin\YiSha.Web\YiSha.Admin.WebApi
WebRootPath:
IsDevelopment:True


