2019-11-10 14:35:34
程序启动
ContentRootPath:E:\yisha soft\YiShaAdmin\YiSha.Web\YiSha.Admin.WebApi
WebRootPath:
IsDevelopment:True


2019-11-10 15:32:17
程序启动
ContentRootPath:E:\yisha soft\YiShaAdmin\YiSha.Web\YiSha.Admin.WebApi
WebRootPath:
IsDevelopment:True


2019-11-10 18:26:52
程序启动
ContentRootPath:E:\yisha soft\YiShaAdmin\YiSha.Web\YiSha.Admin.WebApi
WebRootPath:
IsDevelopment:True


2019-11-10 18:35:54
程序启动
ContentRootPath:E:\yisha soft\YiShaAdmin\YiSha.Web\YiSha.Admin.WebApi
WebRootPath:
IsDevelopment:True


2019-11-10 19:56:53
程序启动
ContentRootPath:E:\yisha soft\YiShaAdmin\YiSha.Web\YiSha.Admin.WebApi
WebRootPath:
IsDevelopment:True


2019-11-10 20:13:04
程序启动
ContentRootPath:E:\yisha soft\YiShaAdmin\YiSha.Web\YiSha.Admin.WebApi
WebRootPath:
IsDevelopment:True


2019-11-10 20:18:15
程序启动
ContentRootPath:E:\yisha soft\YiShaAdmin\YiSha.Web\YiSha.Admin.WebApi
WebRootPath:
IsDevelopment:True


