2020-02-04 21:46:38
程序启动
ContentRootPath:E:\yisha soft\YiShaAdmin\YiSha.Web\YiSha.Admin.WebApi
WebRootPath:
IsDevelopment:True


2020-02-04 21:48:23
程序启动
ContentRootPath:E:\yisha soft\YiShaAdmin\YiSha.Web\YiSha.Admin.WebApi
WebRootPath:
IsDevelopment:True


2020-02-04 22:46:31
程序启动
ContentRootPath:E:\yisha soft\YiShaAdmin\YiSha.Web\YiSha.Admin.WebApi
WebRootPath:
IsDevelopment:True


2020-02-04 22:49:42
程序启动
ContentRootPath:E:\yisha soft\YiShaAdmin\YiSha.Web\YiSha.Admin.WebApi
WebRootPath:
IsDevelopment:True


2020-02-04 22:50:57
程序启动
ContentRootPath:E:\yisha soft\YiShaAdmin\YiSha.Web\YiSha.Admin.WebApi
WebRootPath:
IsDevelopment:True


2020-02-04 22:51:31
程序启动
ContentRootPath:E:\yisha soft\YiShaAdmin\YiSha.Web\YiSha.Admin.WebApi
WebRootPath:
IsDevelopment:True


2020-02-04 22:52:28
程序启动
ContentRootPath:E:\yisha soft\YiShaAdmin\YiSha.Web\YiSha.Admin.WebApi
WebRootPath:
IsDevelopment:True


2020-02-04 22:53:29
程序启动
ContentRootPath:E:\yisha soft\YiShaAdmin\YiSha.Web\YiSha.Admin.WebApi
WebRootPath:
IsDevelopment:True


2020-02-04 22:56:19
程序启动
ContentRootPath:E:\yisha soft\YiShaAdmin\YiSha.Web\YiSha.Admin.WebApi
WebRootPath:
IsDevelopment:True


2020-02-04 23:11:50
程序启动
ContentRootPath:E:\yisha soft\YiShaAdmin\YiSha.Web\YiSha.Admin.WebApi
WebRootPath:
IsDevelopment:True


2020-02-04 23:16:38
程序启动
ContentRootPath:E:\yisha soft\YiShaAdmin\YiSha.Web\YiSha.Admin.WebApi
WebRootPath:
IsDevelopment:True


