2020-02-05 08:59:17
程序启动
ContentRootPath:E:\yisha soft\YiShaAdmin\YiSha.Web\YiSha.Admin.WebApi
WebRootPath:
IsDevelopment:True


2020-02-05 09:47:32
程序启动
ContentRootPath:E:\yisha soft\YiShaAdmin\YiSha.Web\YiSha.Admin.WebApi
WebRootPath:
IsDevelopment:True


2020-02-05 09:59:16
程序启动
ContentRootPath:E:\yisha soft\YiShaAdmin\YiSha.Web\YiSha.Admin.WebApi
WebRootPath:
IsDevelopment:True


2020-02-05 10:03:23
程序启动
ContentRootPath:E:\yisha soft\YiShaAdmin\YiSha.Web\YiSha.Admin.WebApi
WebRootPath:
IsDevelopment:True


2020-02-05 10:05:35
程序启动
ContentRootPath:E:\yisha soft\YiShaAdmin\YiSha.Web\YiSha.Admin.WebApi
WebRootPath:
IsDevelopment:True


2020-02-05 10:12:27
程序启动
ContentRootPath:E:\yisha soft\YiShaAdmin\YiSha.Web\YiSha.Admin.WebApi
WebRootPath:
IsDevelopment:True


2020-02-05 13:52:52
程序启动
ContentRootPath:E:\yisha soft\YiShaAdmin\YiSha.Web\YiSha.Admin.WebApi
WebRootPath:
IsDevelopment:True


2020-02-05 13:54:05
程序启动
ContentRootPath:E:\yisha soft\YiShaAdmin\YiSha.Web\YiSha.Admin.WebApi
WebRootPath:
IsDevelopment:True


2020-02-05 14:19:58
程序启动
ContentRootPath:E:\yisha soft\YiShaAdmin\YiSha.Web\YiSha.Admin.WebApi
WebRootPath:
IsDevelopment:True


2020-02-05 14:37:04
程序启动
ContentRootPath:E:\yisha soft\YiShaAdmin\YiSha.Web\YiSha.Admin.WebApi
WebRootPath:
IsDevelopment:True


2020-02-05 16:29:06
程序启动
ContentRootPath:E:\yisha soft\YiShaAdmin\YiSha.Web\YiSha.Admin.WebApi
WebRootPath:
IsDevelopment:True


2020-02-05 16:51:51
程序启动
ContentRootPath:E:\yisha soft\YiShaAdmin\YiSha.Web\YiSha.Admin.WebApi
WebRootPath:
IsDevelopment:True


2020-02-05 17:11:41
程序启动
ContentRootPath:E:\yisha soft\YiShaAdmin\YiSha.Web\YiSha.Admin.WebApi
WebRootPath:
IsDevelopment:True


2020-02-05 22:38:26
程序启动
ContentRootPath:E:\yisha soft\YiShaAdmin\YiSha.Web\YiSha.Admin.WebApi
WebRootPath:
IsDevelopment:True


