2019-10-30 15:22:47
程序启动
ContentRootPath:E:\YiSha\YiShaAdmin\YiSha.Web\YiSha.Admin.WebApi
WebRootPath:
IsDevelopment:True


2019-10-30 15:24:07
程序启动
ContentRootPath:E:\YiSha\YiShaAdmin\YiSha.Web\YiSha.Admin.WebApi
WebRootPath:
IsDevelopment:True


2019-10-30 15:36:09
程序启动
ContentRootPath:E:\YiSha\YiShaAdmin\YiSha.Web\YiSha.Admin.WebApi
WebRootPath:
IsDevelopment:True


2019-10-30 15:51:43
程序启动
ContentRootPath:E:\YiSha\YiShaAdmin\YiSha.Web\YiSha.Admin.WebApi
WebRootPath:
IsDevelopment:True


2019-10-30 17:38:58
程序启动
ContentRootPath:E:\YiSha\YiShaAdmin\YiSha.Web\YiSha.Admin.WebApi
WebRootPath:
IsDevelopment:True


