2020-02-03 17:21:51
程序启动
ContentRootPath:E:\yisha soft\YiShaAdmin\YiSha.Web\YiSha.Admin.Web
WebRootPath:E:\yisha soft\YiShaAdmin\YiSha.Web\YiSha.Admin.Web\wwwroot
IsDevelopment:True


2020-02-03 18:15:27
程序启动
ContentRootPath:E:\yisha soft\YiShaAdmin\YiSha.Web\YiSha.Admin.Web
WebRootPath:E:\yisha soft\YiShaAdmin\YiSha.Web\YiSha.Admin.Web\wwwroot
IsDevelopment:True


2020-02-03 18:16:02
Unknown column 'param.dict_status' in 'field list'
   at MySql.Data.MySqlClient.MySqlStream.ReadPacket()
   at MySql.Data.MySqlClient.NativeDriver.GetResult(Int32& affectedRow, Int64& insertedId)
   at MySql.Data.MySqlClient.Driver.NextResult(Int32 statementId, Boolean force)
   at MySql.Data.MySqlClient.MySqlDataReader.NextResult()
   at MySql.Data.MySqlClient.MySqlCommand.ExecuteReader(CommandBehavior behavior)
   at System.Data.Common.DbCommand.ExecuteDbDataReaderAsync(CommandBehavior behavior, CancellationToken cancellationToken)
--- End of stack trace from previous location where exception was thrown ---
   at Microsoft.EntityFrameworkCore.Storage.Internal.RelationalCommand.ExecuteAsync(IRelationalConnection connection, DbCommandMethod executeMethod, IReadOnlyDictionary`2 parameterValues, CancellationToken cancellationToken)
   at Microsoft.EntityFrameworkCore.Query.Internal.AsyncQueryingEnumerable`1.AsyncEnumerator.BufferlessMoveNext(DbContext _, Boolean buffer, CancellationToken cancellationToken)
   at Microsoft.EntityFrameworkCore.Query.Internal.AsyncQueryingEnumerable`1.AsyncEnumerator.MoveNext(CancellationToken cancellationToken)
   at System.Linq.AsyncEnumerable.SelectEnumerableAsyncIterator`2.MoveNextCore(CancellationToken cancellationToken) in D:\a\1\s\Ix.NET\Source\System.Interactive.Async\Select.cs:line 106
   at System.Linq.AsyncEnumerable.AsyncIterator`1.MoveNext(CancellationToken cancellationToken) in D:\a\1\s\Ix.NET\Source\System.Interactive.Async\AsyncIterator.cs:line 98
   at Microsoft.EntityFrameworkCore.Query.Internal.AsyncLinqOperatorProvider.ExceptionInterceptor`1.EnumeratorExceptionInterceptor.MoveNext(CancellationToken cancellationToken)
   at System.Linq.AsyncEnumerable.Aggregate_[TSource,TAccumulate,TResult](IAsyncEnumerable`1 source, TAccumulate seed, Func`3 accumulator, Func`2 resultSelector, CancellationToken cancellationToken) in D:\a\1\s\Ix.NET\Source\System.Interactive.Async\Aggregate.cs:line 120
   at YiSha.Data.EF.MySqlDatabase.FindList[T](Expression`1 condition) in E:\yisha soft\YiShaAdmin\YiSha.Data\YiSha.Data.EF\Database\MySqlDatabase.cs:line 303
   at YiSha.Data.Repository.Repository.FindList[T](Expression`1 condition) in E:\yisha soft\YiShaAdmin\YiSha.Data\YiSha.Data.Repository\Repository.cs:line 145
   at YiSha.Service.SystemManage.DataDictDetailService.GetList(DataDictDetailListParam param) in E:\yisha soft\YiShaAdmin\YiSha.Business\YiSha.Service\SystemManage\DataDictDetailService.cs:line 21
   at YiSha.Business.SystemManage.DataDictBLL.GetDataDictList() in E:\yisha soft\YiShaAdmin\YiSha.Business\YiSha.Business\SystemManage\DataDictBLL.cs:line 64
   at YiSha.Admin.Web.Areas.SystemManage.Controllers.DataDictController.GetDataDictListJson() in E:\yisha soft\YiShaAdmin\YiSha.Web\YiSha.Admin.Web\Areas\SystemManage\Controllers\DataDictController.cs:line 71
   at Microsoft.AspNetCore.Mvc.Internal.ActionMethodExecutor.TaskOfIActionResultExecutor.Execute(IActionResultTypeMapper mapper, ObjectMethodExecutor executor, Object controller, Object[] arguments)
   at System.Threading.Tasks.ValueTask`1.get_Result()
   at Microsoft.AspNetCore.Mvc.Internal.ControllerActionInvoker.InvokeActionMethodAsync()
   at Microsoft.AspNetCore.Mvc.Internal.ControllerActionInvoker.InvokeNextActionFilterAsync()
   at Microsoft.AspNetCore.Mvc.Internal.ControllerActionInvoker.Rethrow(ActionExecutedContext context)
   at Microsoft.AspNetCore.Mvc.Internal.ControllerActionInvoker.Next(State& next, Scope& scope, Object& state, Boolean& isCompleted)
   at Microsoft.AspNetCore.Mvc.Internal.ControllerActionInvoker.InvokeInnerFilterAsync()
   at Microsoft.AspNetCore.Mvc.Internal.ResourceInvoker.InvokeNextExceptionFilterAsync()


2020-02-03 18:16:42
Unknown column 'param.dict_status' in 'field list'
   at MySql.Data.MySqlClient.MySqlStream.ReadPacket()
   at MySql.Data.MySqlClient.NativeDriver.GetResult(Int32& affectedRow, Int64& insertedId)
   at MySql.Data.MySqlClient.Driver.NextResult(Int32 statementId, Boolean force)
   at MySql.Data.MySqlClient.MySqlDataReader.NextResult()
   at MySql.Data.MySqlClient.MySqlCommand.ExecuteReader(CommandBehavior behavior)
   at System.Data.Common.DbCommand.ExecuteDbDataReaderAsync(CommandBehavior behavior, CancellationToken cancellationToken)
--- End of stack trace from previous location where exception was thrown ---
   at Microsoft.EntityFrameworkCore.Storage.Internal.RelationalCommand.ExecuteAsync(IRelationalConnection connection, DbCommandMethod executeMethod, IReadOnlyDictionary`2 parameterValues, CancellationToken cancellationToken)
   at Microsoft.EntityFrameworkCore.Query.Internal.AsyncQueryingEnumerable`1.AsyncEnumerator.BufferlessMoveNext(DbContext _, Boolean buffer, CancellationToken cancellationToken)
   at Microsoft.EntityFrameworkCore.Query.Internal.AsyncQueryingEnumerable`1.AsyncEnumerator.MoveNext(CancellationToken cancellationToken)
   at System.Linq.AsyncEnumerable.SelectEnumerableAsyncIterator`2.MoveNextCore(CancellationToken cancellationToken) in D:\a\1\s\Ix.NET\Source\System.Interactive.Async\Select.cs:line 106
   at System.Linq.AsyncEnumerable.AsyncIterator`1.MoveNext(CancellationToken cancellationToken) in D:\a\1\s\Ix.NET\Source\System.Interactive.Async\AsyncIterator.cs:line 98
   at Microsoft.EntityFrameworkCore.Query.Internal.AsyncLinqOperatorProvider.ExceptionInterceptor`1.EnumeratorExceptionInterceptor.MoveNext(CancellationToken cancellationToken)
   at System.Linq.AsyncEnumerable.Aggregate_[TSource,TAccumulate,TResult](IAsyncEnumerable`1 source, TAccumulate seed, Func`3 accumulator, Func`2 resultSelector, CancellationToken cancellationToken) in D:\a\1\s\Ix.NET\Source\System.Interactive.Async\Aggregate.cs:line 120
   at YiSha.Data.EF.MySqlDatabase.FindList[T](Expression`1 condition) in E:\yisha soft\YiShaAdmin\YiSha.Data\YiSha.Data.EF\Database\MySqlDatabase.cs:line 303
   at YiSha.Data.Repository.Repository.FindList[T](Expression`1 condition) in E:\yisha soft\YiShaAdmin\YiSha.Data\YiSha.Data.Repository\Repository.cs:line 145
   at YiSha.Service.SystemManage.DataDictDetailService.GetList(DataDictDetailListParam param) in E:\yisha soft\YiShaAdmin\YiSha.Business\YiSha.Service\SystemManage\DataDictDetailService.cs:line 21
   at YiSha.Business.SystemManage.DataDictBLL.GetDataDictList() in E:\yisha soft\YiShaAdmin\YiSha.Business\YiSha.Business\SystemManage\DataDictBLL.cs:line 64
   at YiSha.Admin.Web.Areas.SystemManage.Controllers.DataDictController.GetDataDictListJson() in E:\yisha soft\YiShaAdmin\YiSha.Web\YiSha.Admin.Web\Areas\SystemManage\Controllers\DataDictController.cs:line 71
   at Microsoft.AspNetCore.Mvc.Internal.ActionMethodExecutor.TaskOfIActionResultExecutor.Execute(IActionResultTypeMapper mapper, ObjectMethodExecutor executor, Object controller, Object[] arguments)
   at System.Threading.Tasks.ValueTask`1.get_Result()
   at Microsoft.AspNetCore.Mvc.Internal.ControllerActionInvoker.InvokeActionMethodAsync()
   at Microsoft.AspNetCore.Mvc.Internal.ControllerActionInvoker.InvokeNextActionFilterAsync()
   at Microsoft.AspNetCore.Mvc.Internal.ControllerActionInvoker.Rethrow(ActionExecutedContext context)
   at Microsoft.AspNetCore.Mvc.Internal.ControllerActionInvoker.Next(State& next, Scope& scope, Object& state, Boolean& isCompleted)
   at Microsoft.AspNetCore.Mvc.Internal.ControllerActionInvoker.InvokeInnerFilterAsync()
   at Microsoft.AspNetCore.Mvc.Internal.ResourceInvoker.InvokeNextExceptionFilterAsync()


2020-02-03 18:17:02
程序启动
ContentRootPath:E:\yisha soft\YiShaAdmin\YiSha.Web\YiSha.Admin.Web
WebRootPath:E:\yisha soft\YiShaAdmin\YiSha.Web\YiSha.Admin.Web\wwwroot
IsDevelopment:True


2020-02-03 18:19:03
程序启动
ContentRootPath:E:\yisha soft\YiShaAdmin\YiSha.Web\YiSha.Admin.Web
WebRootPath:E:\yisha soft\YiShaAdmin\YiSha.Web\YiSha.Admin.Web\wwwroot
IsDevelopment:True


2020-02-03 18:24:02
程序启动
ContentRootPath:E:\yisha soft\YiShaAdmin\YiSha.Web\YiSha.Admin.Web
WebRootPath:E:\yisha soft\YiShaAdmin\YiSha.Web\YiSha.Admin.Web\wwwroot
IsDevelopment:True


2020-02-03 20:16:58
程序启动
ContentRootPath:E:\yisha soft\YiShaAdmin\YiSha.Web\YiSha.Admin.Web
WebRootPath:E:\yisha soft\YiShaAdmin\YiSha.Web\YiSha.Admin.Web\wwwroot
IsDevelopment:True


2020-02-03 20:22:09
程序启动
ContentRootPath:E:\yisha soft\YiShaAdmin\YiSha.Web\YiSha.Admin.Web
WebRootPath:E:\yisha soft\YiShaAdmin\YiSha.Web\YiSha.Admin.Web\wwwroot
IsDevelopment:True


