2020-02-05 08:59:17
程序启动
ContentRootPath:E:\yisha soft\YiShaAdmin\YiSha.Web\YiSha.Admin.Web
WebRootPath:E:\yisha soft\YiShaAdmin\YiSha.Web\YiSha.Admin.Web\wwwroot
IsDevelopment:True


2020-02-05 09:31:15
Unable to connect to any of the specified MySQL hosts.
A connection attempt failed because the connected party did not properly respond after a period of time, or established connection failed because connected host has failed to respond 47.92.169.229:3306
   at MySql.Data.MySqlClient.NativeDriver.Open()
   at MySql.Data.MySqlClient.Driver.Open()
   at MySql.Data.MySqlClient.Driver.Create(MySqlConnectionStringBuilder settings)
   at MySql.Data.MySqlClient.MySqlPool.CreateNewPooledConnection()
   at MySql.Data.MySqlClient.MySqlPool.GetPooledConnection()
   at MySql.Data.MySqlClient.MySqlPool.TryToGetDriver()
   at MySql.Data.MySqlClient.MySqlPool.GetConnection()
   at MySql.Data.MySqlClient.MySqlConnection.Open()
   at System.Data.Common.DbConnection.OpenAsync(CancellationToken cancellationToken)
--- End of stack trace from previous location where exception was thrown ---
   at Microsoft.EntityFrameworkCore.Storage.RelationalConnection.OpenDbConnectionAsync(Boolean errorsExpected, CancellationToken cancellationToken)
   at Microsoft.EntityFrameworkCore.Storage.RelationalConnection.OpenAsync(CancellationToken cancellationToken, Boolean errorsExpected)
   at Microsoft.EntityFrameworkCore.Query.Internal.AsyncQueryingEnumerable`1.AsyncEnumerator.BufferlessMoveNext(DbContext _, Boolean buffer, CancellationToken cancellationToken)
   at Microsoft.EntityFrameworkCore.Query.Internal.AsyncQueryingEnumerable`1.AsyncEnumerator.MoveNext(CancellationToken cancellationToken)
   at Microsoft.EntityFrameworkCore.Query.Internal.AsyncLinqOperatorProvider.ExceptionInterceptor`1.EnumeratorExceptionInterceptor.MoveNext(CancellationToken cancellationToken)
   at System.Linq.AsyncEnumerable.Aggregate_[TSource,TAccumulate,TResult](IAsyncEnumerable`1 source, TAccumulate seed, Func`3 accumulator, Func`2 resultSelector, CancellationToken cancellationToken) in D:\a\1\s\Ix.NET\Source\System.Interactive.Async\Aggregate.cs:line 120
   at YiSha.Data.EF.SqlQueryExtension.SqlQuery[T](DbContext db, String sql, Object[] parameters) in E:\yisha soft\YiShaAdmin\YiSha.Data\YiSha.Data.EF\SqlQueryExtension.cs:line 18
   at YiSha.Data.EF.MySqlDatabase.FindObject[T](String strSql) in E:\yisha soft\YiShaAdmin\YiSha.Data\YiSha.Data.EF\Database\MySqlDatabase.cs:line 425
   at YiSha.Data.Repository.Repository.FindObject[T](String strSql) in E:\yisha soft\YiShaAdmin\YiSha.Data\YiSha.Data.Repository\Repository.cs:line 242
   at YiSha.Web.Code.DataRepository.GetUserByToken(String token) in E:\yisha soft\YiShaAdmin\YiSha.Web\YiSha.Web.Code\DataRepository.cs:line 36
   at YiSha.Web.Code.Operator.Current(String apiToken) in E:\yisha soft\YiShaAdmin\YiSha.Web\YiSha.Web.Code\Operator.cs:line 113
   at YiSha.Admin.Web.Controllers.BaseController.OnActionExecutionAsync(ActionExecutingContext context, ActionExecutionDelegate next) in E:\yisha soft\YiShaAdmin\YiSha.Web\YiSha.Admin.Web\Controllers\BaseController.cs:line 32
   at Microsoft.AspNetCore.Mvc.Internal.ControllerActionInvoker.InvokeInnerFilterAsync()
   at Microsoft.AspNetCore.Mvc.Internal.ResourceInvoker.InvokeNextExceptionFilterAsync()


2020-02-05 09:34:44
The supplied data appears to be in the Office 2007+ XML. You are calling the part of POI that deals with OLE2 Office Documents. You need to call a different part of POI to process this data (eg XSSF instead of HSSF)
   at NPOI.POIFS.Storage.HeaderBlock.PrivateHeaderBlock(Byte[] data)
   at NPOI.POIFS.Storage.HeaderBlock..ctor(Stream stream)
   at NPOI.POIFS.FileSystem.POIFSFileSystem..ctor(Stream stream)
   at NPOI.HSSF.UserModel.HSSFWorkbook..ctor(Stream s)
   at YiSha.Util.ExcelHelper`1.ImportFromExcel(String filePath) in E:\yisha soft\YiShaAdmin\YiSha.Util\YiSha.Util\ExcelHelper.cs:line 223
   at YiSha.Admin.Web.Areas.OrganizationManage.Controllers.UserController.SaveImportFormJson(ImportParam param) in E:\yisha soft\YiShaAdmin\YiSha.Web\YiSha.Admin.Web\Areas\OrganizationManage\Controllers\UserController.cs:line 154
   at Microsoft.AspNetCore.Mvc.Internal.ActionMethodExecutor.TaskOfIActionResultExecutor.Execute(IActionResultTypeMapper mapper, ObjectMethodExecutor executor, Object controller, Object[] arguments)
   at System.Threading.Tasks.ValueTask`1.get_Result()
   at Microsoft.AspNetCore.Mvc.Internal.ControllerActionInvoker.InvokeActionMethodAsync()
   at Microsoft.AspNetCore.Mvc.Internal.ControllerActionInvoker.InvokeNextActionFilterAsync()
   at Microsoft.AspNetCore.Mvc.Internal.ControllerActionInvoker.Rethrow(ActionExecutedContext context)
   at Microsoft.AspNetCore.Mvc.Internal.ControllerActionInvoker.Next(State& next, Scope& scope, Object& state, Boolean& isCompleted)
   at Microsoft.AspNetCore.Mvc.Internal.ControllerActionInvoker.InvokeInnerFilterAsync()
   at Microsoft.AspNetCore.Mvc.Internal.ResourceInvoker.InvokeNextExceptionFilterAsync()


2020-02-05 09:35:33
The supplied data appears to be in the Office 2007+ XML. You are calling the part of POI that deals with OLE2 Office Documents. You need to call a different part of POI to process this data (eg XSSF instead of HSSF)
   at NPOI.POIFS.Storage.HeaderBlock.PrivateHeaderBlock(Byte[] data)
   at NPOI.POIFS.Storage.HeaderBlock..ctor(Stream stream)
   at NPOI.POIFS.FileSystem.POIFSFileSystem..ctor(Stream stream)
   at NPOI.HSSF.UserModel.HSSFWorkbook..ctor(Stream s)
   at YiSha.Util.ExcelHelper`1.ImportFromExcel(String filePath) in E:\yisha soft\YiShaAdmin\YiSha.Util\YiSha.Util\ExcelHelper.cs:line 223
   at YiSha.Admin.Web.Areas.OrganizationManage.Controllers.UserController.SaveImportFormJson(ImportParam param) in E:\yisha soft\YiShaAdmin\YiSha.Web\YiSha.Admin.Web\Areas\OrganizationManage\Controllers\UserController.cs:line 154
   at Microsoft.AspNetCore.Mvc.Internal.ActionMethodExecutor.TaskOfIActionResultExecutor.Execute(IActionResultTypeMapper mapper, ObjectMethodExecutor executor, Object controller, Object[] arguments)
   at System.Threading.Tasks.ValueTask`1.get_Result()
   at Microsoft.AspNetCore.Mvc.Internal.ControllerActionInvoker.InvokeActionMethodAsync()
   at Microsoft.AspNetCore.Mvc.Internal.ControllerActionInvoker.InvokeNextActionFilterAsync()
   at Microsoft.AspNetCore.Mvc.Internal.ControllerActionInvoker.Rethrow(ActionExecutedContext context)
   at Microsoft.AspNetCore.Mvc.Internal.ControllerActionInvoker.Next(State& next, Scope& scope, Object& state, Boolean& isCompleted)
   at Microsoft.AspNetCore.Mvc.Internal.ControllerActionInvoker.InvokeInnerFilterAsync()
   at Microsoft.AspNetCore.Mvc.Internal.ResourceInvoker.InvokeNextExceptionFilterAsync()


2020-02-05 09:47:32
程序启动
ContentRootPath:E:\yisha soft\YiShaAdmin\YiSha.Web\YiSha.Admin.Web
WebRootPath:E:\yisha soft\YiShaAdmin\YiSha.Web\YiSha.Admin.Web\wwwroot
IsDevelopment:True


2020-02-05 09:59:16
程序启动
ContentRootPath:E:\yisha soft\YiShaAdmin\YiSha.Web\YiSha.Admin.Web
WebRootPath:E:\yisha soft\YiShaAdmin\YiSha.Web\YiSha.Admin.Web\wwwroot
IsDevelopment:True


2020-02-05 10:03:23
程序启动
ContentRootPath:E:\yisha soft\YiShaAdmin\YiSha.Web\YiSha.Admin.Web
WebRootPath:E:\yisha soft\YiShaAdmin\YiSha.Web\YiSha.Admin.Web\wwwroot
IsDevelopment:True


2020-02-05 10:05:35
程序启动
ContentRootPath:E:\yisha soft\YiShaAdmin\YiSha.Web\YiSha.Admin.Web
WebRootPath:E:\yisha soft\YiShaAdmin\YiSha.Web\YiSha.Admin.Web\wwwroot
IsDevelopment:True


2020-02-05 10:12:28
程序启动
ContentRootPath:E:\yisha soft\YiShaAdmin\YiSha.Web\YiSha.Admin.Web
WebRootPath:E:\yisha soft\YiShaAdmin\YiSha.Web\YiSha.Admin.Web\wwwroot
IsDevelopment:True


2020-02-05 13:52:53
程序启动
ContentRootPath:E:\yisha soft\YiShaAdmin\YiSha.Web\YiSha.Admin.Web
WebRootPath:E:\yisha soft\YiShaAdmin\YiSha.Web\YiSha.Admin.Web\wwwroot
IsDevelopment:True


2020-02-05 13:54:06
程序启动
ContentRootPath:E:\yisha soft\YiShaAdmin\YiSha.Web\YiSha.Admin.Web
WebRootPath:E:\yisha soft\YiShaAdmin\YiSha.Web\YiSha.Admin.Web\wwwroot
IsDevelopment:True


2020-02-05 14:19:58
程序启动
ContentRootPath:E:\yisha soft\YiShaAdmin\YiSha.Web\YiSha.Admin.Web
WebRootPath:E:\yisha soft\YiShaAdmin\YiSha.Web\YiSha.Admin.Web\wwwroot
IsDevelopment:True


2020-02-05 14:37:04
程序启动
ContentRootPath:E:\yisha soft\YiShaAdmin\YiSha.Web\YiSha.Admin.Web
WebRootPath:E:\yisha soft\YiShaAdmin\YiSha.Web\YiSha.Admin.Web\wwwroot
IsDevelopment:True


2020-02-05 16:29:06
程序启动
ContentRootPath:E:\yisha soft\YiShaAdmin\YiSha.Web\YiSha.Admin.Web
WebRootPath:E:\yisha soft\YiShaAdmin\YiSha.Web\YiSha.Admin.Web\wwwroot
IsDevelopment:True


2020-02-05 16:51:51
程序启动
ContentRootPath:E:\yisha soft\YiShaAdmin\YiSha.Web\YiSha.Admin.Web
WebRootPath:E:\yisha soft\YiShaAdmin\YiSha.Web\YiSha.Admin.Web\wwwroot
IsDevelopment:True


2020-02-05 17:11:41
程序启动
ContentRootPath:E:\yisha soft\YiShaAdmin\YiSha.Web\YiSha.Admin.Web
WebRootPath:E:\yisha soft\YiShaAdmin\YiSha.Web\YiSha.Admin.Web\wwwroot
IsDevelopment:True


2020-02-05 22:38:26
程序启动
ContentRootPath:E:\yisha soft\YiShaAdmin\YiSha.Web\YiSha.Admin.Web
WebRootPath:E:\yisha soft\YiShaAdmin\YiSha.Web\YiSha.Admin.Web\wwwroot
IsDevelopment:True


